<?xml version="1.0" encoding="UTF-8"?>
<testng-results skipped="0" failed="0" ignored="0" total="1" passed="1">
  <reporter-output>
  </reporter-output>
  <suite name="Command line suite" duration-ms="15" started-at="2020-02-18T17:47:24 CST" finished-at="2020-02-18T17:47:24 CST">
    <groups>
    </groups>
    <test name="Command line test" duration-ms="15" started-at="2020-02-18T17:47:24 CST" finished-at="2020-02-18T17:47:24 CST">
      <class name="qaJairoMvn.AppTest">
        <test-method status="PASS" signature="testApp()[pri:0, instance:testApp(qaJairoMvn.AppTest)]" name="testApp" duration-ms="1" started-at="2020-02-18T17:47:24 CST" finished-at="2020-02-18T17:47:24 CST">
          <reporter-output>
          </reporter-output>
        </test-method> <!-- testApp -->
      </class> <!-- qaJairoMvn.AppTest -->
    </test> <!-- Command line test -->
  </suite> <!-- Command line suite -->
</testng-results>
