<?xml version="1.0" encoding="UTF-8"?>
<!-- Generated by org.testng.reporters.JUnitXMLReporter -->
<testsuite hostname="CAPAGS-EC1681" ignored="0" name="Default test" tests="3" failures="0" timestamp="2020-02-21T13:32:58 CST" time="0.067" errors="0">
  <testcase name="methodgit" time="0.011" classname="qaJairoMvn.TextTest"/>
  <testcase name="methodone" time="0.002" classname="qaJairoMvn.TextTest"/>
  <testcase name="methodtwo" time="0.002" classname="qaJairoMvn.TextTest"/>
</testsuite> <!-- Default test -->
