<?xml version="1.0" encoding="UTF-8"?>
<!-- Generated by org.testng.reporters.JUnitXMLReporter -->
<testsuite hostname="CAPAGS-EC1681" ignored="0" name="Command line test" tests="4" failures="0" timestamp="2020-02-18T17:47:24 CST" time="0.091" errors="0">
  <testcase name="methodone" time="0.012" classname="qaJairoMvn.TextTest"/>
  <testcase name="methodtwo" time="0.0" classname="qaJairoMvn.TextTest"/>
  <testcase name="methodone" time="0.0" classname="qaJairoMvn.TextTwoTest"/>
  <testcase name="methodtwo" time="0.0" classname="qaJairoMvn.TextTwoTest"/>
</testsuite> <!-- Command line test -->
