<?xml version="1.0" encoding="UTF-8"?>
<testng-results skipped="0" failed="0" ignored="0" total="2" passed="2">
  <reporter-output>
  </reporter-output>
  <suite name="PracticeMaven" duration-ms="66" started-at="2020-02-18T17:51:20 CST" finished-at="2020-02-18T17:51:20 CST">
    <groups>
    </groups>
    <test name="Module1" duration-ms="66" started-at="2020-02-18T17:51:20 CST" finished-at="2020-02-18T17:51:20 CST">
      <class name="qaJairoMvn.TextTwoTest">
        <test-method status="PASS" signature="methodone()[pri:0, instance:qaJairoMvn.TextTwoTest@39aeed2f]" name="methodone" duration-ms="12" started-at="2020-02-18T17:51:20 CST" finished-at="2020-02-18T17:51:20 CST">
          <reporter-output>
          </reporter-output>
        </test-method> <!-- methodone -->
        <test-method status="PASS" signature="methodtwo()[pri:0, instance:qaJairoMvn.TextTwoTest@39aeed2f]" name="methodtwo" duration-ms="0" started-at="2020-02-18T17:51:20 CST" finished-at="2020-02-18T17:51:20 CST">
          <reporter-output>
          </reporter-output>
        </test-method> <!-- methodtwo -->
      </class> <!-- qaJairoMvn.TextTwoTest -->
    </test> <!-- Module1 -->
  </suite> <!-- PracticeMaven -->
</testng-results>
