<?xml version="1.0" encoding="UTF-8"?>
<testng-results skipped="0" failed="0" ignored="0" total="3" passed="3">
  <reporter-output>
  </reporter-output>
  <suite name="Default suite" duration-ms="67" started-at="2020-02-21T13:32:57 CST" finished-at="2020-02-21T13:32:58 CST">
    <groups>
    </groups>
    <test name="Default test" duration-ms="67" started-at="2020-02-21T13:32:57 CST" finished-at="2020-02-21T13:32:58 CST">
      <class name="qaJairoMvn.TextTest">
        <test-method status="PASS" signature="methodgit()[pri:0, instance:qaJairoMvn.TextTest@6d7b4f4c]" name="methodgit" duration-ms="11" started-at="2020-02-21T13:32:58 CST" finished-at="2020-02-21T13:32:58 CST">
          <reporter-output>
          </reporter-output>
        </test-method> <!-- methodgit -->
        <test-method status="PASS" signature="methodone()[pri:0, instance:qaJairoMvn.TextTest@6d7b4f4c]" name="methodone" duration-ms="2" started-at="2020-02-21T13:32:58 CST" finished-at="2020-02-21T13:32:58 CST">
          <reporter-output>
          </reporter-output>
        </test-method> <!-- methodone -->
        <test-method status="PASS" signature="methodtwo()[pri:0, instance:qaJairoMvn.TextTest@6d7b4f4c]" name="methodtwo" duration-ms="2" started-at="2020-02-21T13:32:58 CST" finished-at="2020-02-21T13:32:58 CST">
          <reporter-output>
          </reporter-output>
        </test-method> <!-- methodtwo -->
      </class> <!-- qaJairoMvn.TextTest -->
    </test> <!-- Default test -->
  </suite> <!-- Default suite -->
</testng-results>
